Connecting to database specified by database.yml
  [1m[36m (0.2ms)[0m  [1mselect sqlite_version(*)[0m
  [1m[35m (1.9ms)[0m  CREATE TABLE "schema_migrations" ("version" varchar(255) NOT NULL) 
  [1m[36m (1.0ms)[0m  [1mCREATE UNIQUE INDEX "unique_schema_migrations" ON "schema_migrations" ("version")[0m
  [1m[35m (1.4ms)[0m  SELECT "schema_migrations"."version" FROM "schema_migrations" 
Migrating to CreateItems (20130217121714)
  [1m[36m (0.0ms)[0m  [1mbegin transaction[0m
  [1m[35m (0.5ms)[0m  CREATE TABLE "items" ("id" INTEGER PRIMARY KEY AUTOINCREMENT NOT NULL, "title" varchar(255), "desc" varchar(255), "stage_id" integer, "created_at" datetime NOT NULL, "updated_at" datetime NOT NULL) 
  [1m[36m (0.1ms)[0m  [1mINSERT INTO "schema_migrations" ("version") VALUES ('20130217121714')[0m
  [1m[35m (0.9ms)[0m  commit transaction
Migrating to CreateStages (20130217121725)
  [1m[36m (0.0ms)[0m  [1mbegin transaction[0m
  [1m[35m (0.4ms)[0m  CREATE TABLE "stages" ("id" INTEGER PRIMARY KEY AUTOINCREMENT NOT NULL, "title" varchar(255), "created_at" datetime NOT NULL, "updated_at" datetime NOT NULL) 
  [1m[36m (0.1ms)[0m  [1mINSERT INTO "schema_migrations" ("version") VALUES ('20130217121725')[0m
  [1m[35m (0.8ms)[0m  commit transaction
  [1m[36m (0.1ms)[0m  [1mSELECT "schema_migrations"."version" FROM "schema_migrations" [0m
  [1m[35m (0.1ms)[0m  SELECT "schema_migrations"."version" FROM "schema_migrations" 
  [1m[36m (0.1ms)[0m  [1mbegin transaction[0m
  [1m[35mSQL (4.5ms)[0m  INSERT INTO "stages" ("created_at", "title", "updated_at") VALUES (?, ?, ?)  [["created_at", Sat, 23 Feb 2013 10:13:30 UTC +00:00], ["title", "Contacted"], ["updated_at", Sat, 23 Feb 2013 10:13:30 UTC +00:00]]
  [1m[36m (1.9ms)[0m  [1mcommit transaction[0m
  [1m[35m (0.1ms)[0m  begin transaction
  [1m[36mSQL (0.4ms)[0m  [1mINSERT INTO "stages" ("created_at", "title", "updated_at") VALUES (?, ?, ?)[0m  [["created_at", Sat, 23 Feb 2013 10:13:30 UTC +00:00], ["title", "Phone Interview"], ["updated_at", Sat, 23 Feb 2013 10:13:30 UTC +00:00]]
  [1m[35m (0.8ms)[0m  commit transaction
  [1m[36m (0.0ms)[0m  [1mbegin transaction[0m
  [1m[35mSQL (0.4ms)[0m  INSERT INTO "stages" ("created_at", "title", "updated_at") VALUES (?, ?, ?)  [["created_at", Sat, 23 Feb 2013 10:13:30 UTC +00:00], ["title", "Inteview"], ["updated_at", Sat, 23 Feb 2013 10:13:30 UTC +00:00]]
  [1m[36m (0.8ms)[0m  [1mcommit transaction[0m
  [1m[35m (0.0ms)[0m  begin transaction
  [1m[36mSQL (0.4ms)[0m  [1mINSERT INTO "stages" ("created_at", "title", "updated_at") VALUES (?, ?, ?)[0m  [["created_at", Sat, 23 Feb 2013 10:13:30 UTC +00:00], ["title", "Offer Made"], ["updated_at", Sat, 23 Feb 2013 10:13:30 UTC +00:00]]
  [1m[35m (0.7ms)[0m  commit transaction
  [1m[36m (0.1ms)[0m  [1mbegin transaction[0m
  [1m[35mSQL (0.5ms)[0m  INSERT INTO "stages" ("created_at", "title", "updated_at") VALUES (?, ?, ?)  [["created_at", Sat, 23 Feb 2013 10:13:30 UTC +00:00], ["title", "Offer Accepted"], ["updated_at", Sat, 23 Feb 2013 10:13:30 UTC +00:00]]
  [1m[36m (0.9ms)[0m  [1mcommit transaction[0m
  [1m[35m (0.1ms)[0m  begin transaction
  [1m[36mSQL (0.5ms)[0m  [1mINSERT INTO "items" ("created_at", "desc", "stage_id", "title", "updated_at") VALUES (?, ?, ?, ?, ?)[0m  [["created_at", Sat, 23 Feb 2013 10:13:30 UTC +00:00], ["desc", "Phones and Laptops"], ["stage_id", nil], ["title", "Apple"], ["updated_at", Sat, 23 Feb 2013 10:13:30 UTC +00:00]]
  [1m[35m (1.2ms)[0m  commit transaction
  [1m[36m (0.0ms)[0m  [1mbegin transaction[0m
  [1m[35mSQL (0.4ms)[0m  INSERT INTO "items" ("created_at", "desc", "stage_id", "title", "updated_at") VALUES (?, ?, ?, ?, ?)  [["created_at", Sat, 23 Feb 2013 10:13:30 UTC +00:00], ["desc", "Search Engine"], ["stage_id", nil], ["title", "Google"], ["updated_at", Sat, 23 Feb 2013 10:13:30 UTC +00:00]]
  [1m[36m (1.1ms)[0m  [1mcommit transaction[0m
  [1m[35m (0.0ms)[0m  begin transaction
  [1m[36mSQL (0.3ms)[0m  [1mINSERT INTO "items" ("created_at", "desc", "stage_id", "title", "updated_at") VALUES (?, ?, ?, ?, ?)[0m  [["created_at", Sat, 23 Feb 2013 10:13:30 UTC +00:00], ["desc", "Hard- and Software"], ["stage_id", nil], ["title", "Microsoft"], ["updated_at", Sat, 23 Feb 2013 10:13:30 UTC +00:00]]
  [1m[35m (1.6ms)[0m  commit transaction
  [1m[36m (0.1ms)[0m  [1mbegin transaction[0m
  [1m[35mSQL (0.3ms)[0m  INSERT INTO "items" ("created_at", "desc", "stage_id", "title", "updated_at") VALUES (?, ?, ?, ?, ?)  [["created_at", Sat, 23 Feb 2013 10:13:30 UTC +00:00], ["desc", "Online Marketplace"], ["stage_id", nil], ["title", "eBay"], ["updated_at", Sat, 23 Feb 2013 10:13:30 UTC +00:00]]
  [1m[36m (1.0ms)[0m  [1mcommit transaction[0m
  [1m[35m (0.0ms)[0m  begin transaction
  [1m[36mSQL (0.4ms)[0m  [1mINSERT INTO "items" ("created_at", "desc", "stage_id", "title", "updated_at") VALUES (?, ?, ?, ?, ?)[0m  [["created_at", Sat, 23 Feb 2013 10:13:30 UTC +00:00], ["desc", "Makers of Ubuntu"], ["stage_id", 1], ["title", "Canonical"], ["updated_at", Sat, 23 Feb 2013 10:13:30 UTC +00:00]]
  [1m[35m (1.1ms)[0m  commit transaction
  [1m[36m (0.0ms)[0m  [1mbegin transaction[0m
  [1m[35mSQL (0.3ms)[0m  INSERT INTO "items" ("created_at", "desc", "stage_id", "title", "updated_at") VALUES (?, ?, ?, ?, ?)  [["created_at", Sat, 23 Feb 2013 10:13:30 UTC +00:00], ["desc", "E-Commerce"], ["stage_id", nil], ["title", "Amazon"], ["updated_at", Sat, 23 Feb 2013 10:13:30 UTC +00:00]]
  [1m[36m (1.1ms)[0m  [1mcommit transaction[0m
  [1m[35m (0.0ms)[0m  begin transaction
  [1m[36mSQL (0.3ms)[0m  [1mINSERT INTO "items" ("created_at", "desc", "stage_id", "title", "updated_at") VALUES (?, ?, ?, ?, ?)[0m  [["created_at", Sat, 23 Feb 2013 10:13:30 UTC +00:00], ["desc", "Social Media"], ["stage_id", nil], ["title", "Twitter"], ["updated_at", Sat, 23 Feb 2013 10:13:30 UTC +00:00]]
  [1m[35m (1.3ms)[0m  commit transaction
